<?xml version="1.0" encoding="UTF-8"?>
<testsuite xmlns:xsi="http://www.w3.org/2001/XMLSchema-instance" xsi:noNamespaceSchemaLocation="https://maven.apache.org/surefire/maven-surefire-plugin/xsd/surefire-test-report.xsd" name="runner.TestRunner" time="14.844" tests="5" errors="0" skipped="0" failures="0">
  <properties>
[...]
</properties>
  <testcase name="Given User is on demoguru website and click mobile" classname="Scenario: Adding product to compare and check product visibility" time="0.002"/>
  <testcase name="And User click compare for Soney xperia and iphone" classname="Scenario: Adding product to compare and check product visibility" time="0"/>
  <testcase name="And User click on COMPARE button" classname="Scenario: Adding product to compare and check product visibility" time="0.001"/>
  <testcase name="Then Pop up windows comes up and verify the prodcut inside." classname="Scenario: Adding product to compare and check product visibility" time="0"/>
  <testcase name="Scenario: Adding product to compare and check product visibility" classname="Scenario: Adding product to compare and check product visibility" time="0.27"/>
</testsuite>